This is pdfTeX, Version 3.1415926-2.5-1.40.13(web2c) (format=latex 2013.5.31)  9 SEP 2017 17:16
entering extended mode
**/storage/emulated/0/Documents/Rescue-Rangers-Vol1/Megans-Main-TeXwriter.tex
(/storage/emulated/0/Documents/Rescue-Rangers-Vol1/Megans-Main-TeXwriter.tex
LaTeX2e <2011/06/27>
Babel <v3.8m> and hyphenation patterns for english, dumylang, nohyphenation, ge
rman-x-2012-05-30, ngerman-x-2012-05-30, afrikaans, ancientgreek, ibycus, arabi
c, armenian, basque, bulgarian, catalan, pinyin, coptic, croatian, czech, danis
h, dutch, ukenglish, usenglishmax, esperanto, estonian, ethiopic, farsi, finnis
h, french, friulan, galician, german, ngerman, swissgerman, monogreek, greek, h
ungarian, icelandic, assamese, bengali, gujarati, hindi, kannada, malayalam, ma
rathi, oriya, panjabi, tamil, telugu, indonesian, interlingua, irish, italian, 
kurmanji, latin, latvian, lithuanian, mongolian, mongolianlmc, bokmal, nynorsk,
 polish, portuguese, romanian, romansh, russian, sanskrit, serbian, serbianc, s
lovak, slovenian, spanish, swedish, turkish, turkmen, ukrainian, uppersorbian, 
welsh, loaded.

(/storage/emulated/0/Android/data/com.litchie.texwriter/texmf-local/TeXinput/me
moir.cls
Document Class: memoir 2011/03/06 v3.6j configurable book, report, article docu
ment class
\onelineskip=\skip41
\lxvchars=\skip42
\xlvchars=\skip43
\@memcnta=\count79
\c@@memmarkcntra=\count80

(/storage/emulated/0/Android/data/com.litchie.texwriter/texmf-dist/TeXinput/ifp
df.sty
Package: ifpdf 2011/01/30 v2.3 Provides the ifpdf switch (HO)
Package ifpdf Info: pdfTeX in PDF mode is detected.
)
(/storage/emulated/0/Android/data/com.litchie.texwriter/texmf-local/TeXinput/if
etex.sty
Package: ifetex 2011/12/15 v1.2 ifetex

(/storage/emulated/0/Android/data/com.litchie.texwriter/texmf-dist/TeXinput/ife
tex.tex))
(/storage/emulated/0/Android/data/com.litchie.texwriter/texmf-dist/TeXinput/ifx
etex.sty
Package: ifxetex 2010/09/12 v0.6 Provides ifxetex conditional
)
(/storage/emulated/0/Android/data/com.litchie.texwriter/texmf-dist/TeXinput/ifl
uatex.sty
Package: ifluatex 2010/03/01 v1.3 Provides the ifluatex switch (HO)
Package ifluatex Info: LuaTeX not detected.
)
\stockheight=\skip44
\stockwidth=\skip45
\trimtop=\skip46
\trimedge=\skip47

(/storage/emulated/0/Android/data/com.litchie.texwriter/texmf-local/TeXinput/et
ex.sty
Package: etex 1998/03/26 v2.0 eTeX basic definition package (PEB)
\et@xins=\count81
)
LaTeX Font Info:    Try loading font information for T1+lmr on input line 726.

(/storage/emulated/0/Android/data/com.litchie.texwriter/texmf-local/TeXinput/t1
lmr.fd
File: t1lmr.fd 2009/10/30 v1.6 Font defs for Latin Modern
)
(/storage/emulated/0/Android/data/com.litchie.texwriter/texmf-local/TeXinput/me
m12.clo
File: mem12.clo 2010/10/19 v0.4b memoir class 12pt size option
)
(/storage/emulated/0/Android/data/com.litchie.texwriter/texmf-local/TeXinput/lm
odern.sty
Package: lmodern 2009/10/30 v1.6 Latin Modern Fonts
LaTeX Font Info:    Overwriting symbol font `operators' in version `normal'
(Font)                  OT1/cmr/m/n --> OT1/lmr/m/n on input line 22.
LaTeX Font Info:    Overwriting symbol font `letters' in version `normal'
(Font)                  OML/cmm/m/it --> OML/lmm/m/it on input line 23.
LaTeX Font Info:    Overwriting symbol font `symbols' in version `normal'
(Font)                  OMS/cmsy/m/n --> OMS/lmsy/m/n on input line 24.
LaTeX Font Info:    Overwriting symbol font `largesymbols' in version `normal'
(Font)                  OMX/cmex/m/n --> OMX/lmex/m/n on input line 25.
LaTeX Font Info:    Overwriting symbol font `operators' in version `bold'
(Font)                  OT1/cmr/bx/n --> OT1/lmr/bx/n on input line 26.
LaTeX Font Info:    Overwriting symbol font `letters' in version `bold'
(Font)                  OML/cmm/b/it --> OML/lmm/b/it on input line 27.
LaTeX Font Info:    Overwriting symbol font `symbols' in version `bold'
(Font)                  OMS/cmsy/b/n --> OMS/lmsy/b/n on input line 28.
LaTeX Font Info:    Overwriting symbol font `largesymbols' in version `bold'
(Font)                  OMX/cmex/m/n --> OMX/lmex/m/n on input line 29.
LaTeX Font Info:    Overwriting math alphabet `\mathbf' in version `normal'
(Font)                  OT1/cmr/bx/n --> OT1/lmr/bx/n on input line 31.
LaTeX Font Info:    Overwriting math alphabet `\mathsf' in version `normal'
(Font)                  OT1/cmss/m/n --> OT1/lmss/m/n on input line 32.
LaTeX Font Info:    Overwriting math alphabet `\mathit' in version `normal'
(Font)                  OT1/cmr/m/it --> OT1/lmr/m/it on input line 33.
LaTeX Font Info:    Overwriting math alphabet `\mathtt' in version `normal'
(Font)                  OT1/cmtt/m/n --> OT1/lmtt/m/n on input line 34.
LaTeX Font Info:    Overwriting math alphabet `\mathbf' in version `bold'
(Font)                  OT1/cmr/bx/n --> OT1/lmr/bx/n on input line 35.
LaTeX Font Info:    Overwriting math alphabet `\mathsf' in version `bold'
(Font)                  OT1/cmss/bx/n --> OT1/lmss/bx/n on input line 36.
LaTeX Font Info:    Overwriting math alphabet `\mathit' in version `bold'
(Font)                  OT1/cmr/bx/it --> OT1/lmr/bx/it on input line 37.
LaTeX Font Info:    Overwriting math alphabet `\mathtt' in version `bold'
(Font)                  OT1/cmtt/m/n --> OT1/lmtt/m/n on input line 38.
)
(/storage/emulated/0/Android/data/com.litchie.texwriter/texmf-dist/TeXinput/fon
tenc.sty
Package: fontenc 2005/09/27 v1.99g Standard LaTeX package

(/storage/emulated/0/Android/data/com.litchie.texwriter/texmf-dist/TeXinput/t1e
nc.def
File: t1enc.def 2005/09/27 v1.99g Standard LaTeX file
LaTeX Font Info:    Redeclaring font encoding T1 on input line 43.
))
\binding=\skip48
\spinemargin=\skip49
\foremargin=\skip50
\uppermargin=\skip51
\lowermargin=\skip52
\headdrop=\skip53
\normalrulethickness=\skip54
\mem@maxheadheight=\skip55
\mem@maxfootheight=\skip56
\headwidth=\skip57
\c@storedpagenumber=\count82
\memPD=\dimen102
\m@mabparskip=\skip58
\thanksmarkwidth=\skip59
\thanksmarksep=\skip60
\droptitle=\skip61
\c@book=\count83
\c@part=\count84
\c@chapter=\count85
\c@section=\count86
\c@subsection=\count87
\c@subsubsection=\count88
\c@paragraph=\count89
\c@subparagraph=\count90
\beforechapskip=\skip62
\midchapskip=\skip63
\afterchapskip=\skip64
\chapindent=\skip65
\bottomsectionskip=\skip66
\secindent=\skip67
\beforesecskip=\skip68
\aftersecskip=\skip69
\subsecindent=\skip70
\beforesubsecskip=\skip71
\aftersubsecskip=\skip72
\subsubsecindent=\skip73
\beforesubsubsecskip=\skip74
\aftersubsubsecskip=\skip75
\paraindent=\skip76
\beforeparaskip=\skip77
\afterparaskip=\skip78
\subparaindent=\skip79
\beforesubparaskip=\skip80
\aftersubparaskip=\skip81
\pfbreakskip=\skip82
\c@@ppsavesec=\count91
\c@@ppsaveapp=\count92
\ragrparindent=\dimen103
\everylistparindent=\dimen104
\parsepi=\skip83
\topsepi=\skip84
\itemsepi=\skip85
\parsepii=\skip86
\topsepii=\skip87
\topsepiii=\skip88
\itemsepii=\skip89
\itemsepiii=\skip90
\partopsepii=\skip91
\partopsepiii=\skip92
\m@msavetopsep=\skip93
\m@msavepartopsep=\skip94
\@enLab=\toks14
\abstitleskip=\skip95
\absleftindent=\skip96
\abs@leftindent=\dimen105
\absrightindent=\skip97
\absparindent=\skip98
\absparsep=\skip99
\c@vslineno=\count93
\c@poemline=\count94
\c@modulo@vs=\count95
\c@memfvsline=\count96
\vleftskip=\skip100
\vrightskip=\skip101
\stanzaskip=\skip102
\versewidth=\skip103
\vgap=\skip104
\vindent=\skip105
\vleftmargin=\dimen106
\c@verse=\count97
\c@chrsinstr=\count98
\beforepoemtitleskip=\skip106
\afterpoemtitleskip=\skip107
\c@poem=\count99
\beforePoemTitleskip=\skip108
\midPoemTitleskip=\skip109
\afterPoemTitleskip=\skip110
\col@sep=\dimen107
\extrarowheight=\dimen108
\NC@list=\toks15
\extratabsurround=\skip111
\backup@length=\skip112
\TX@col@width=\dimen109
\TX@old@table=\dimen110
\TX@old@col=\dimen111
\TX@target=\dimen112
\TX@delta=\dimen113
\TX@cols=\count100
\TX@ftn=\toks16
\heavyrulewidth=\dimen114
\lightrulewidth=\dimen115
\cmidrulewidth=\dimen116
\belowrulesep=\dimen117
\belowbottomsep=\dimen118
\aboverulesep=\dimen119
\abovetopsep=\dimen120
\cmidrulesep=\dimen121
\cmidrulekern=\dimen122
\defaultaddspace=\dimen123
\@cmidla=\count101
\@cmidlb=\count102
\@aboverulesep=\dimen124
\@belowrulesep=\dimen125
\@thisruleclass=\count103
\@lastruleclass=\count104
\@thisrulewidth=\dimen126
\ctableftskip=\skip113
\ctabrightskip=\skip114
\abovecolumnspenalty=\count105
\@linestogo=\count106
\@cellstogo=\count107
\@cellsincolumn=\count108
\crtok=\toks17
\@mincolumnwidth=\dimen127
\c@newflo@tctr=\count109
\mem@margin@floatbox=\box26
\@contcwidth=\skip115
\@contindw=\skip116
\abovecaptionskip=\skip117
\belowcaptionskip=\skip118
\subfloattopskip=\skip119
\subfloatcapskip=\skip120
\subfloatcaptopadj=\skip121
\subfloatbottomskip=\skip122
\subfloatlabelskip=\skip123
\subfloatcapmargin=\dimen128
\c@@contsubnum=\count110
\m@mscap@capbox=\box27
\m@mscap@fbox=\box28
\sidecapsep=\dimen129
\sidecapwidth=\dimen130
\m@m@tempdima=\dimen131
\m@mscapraise=\dimen132
\sidecapraise=\dimen133
\m@mscapmainwidth=\dimen134
\m@mscaplkern=\dimen135
\beforeepigraphskip=\skip124
\afterepigraphskip=\skip125
\epigraphwidth=\skip126
\epigraphrule=\skip127
LaTeX Info: Redefining \em on input line 7377.
LaTeX Info: Redefining \emph on input line 7385.
\tocentryskip=\skip128
\tocbaseline=\skip129
\cftparskip=\skip130
\cftbeforebookskip=\skip131
\cftbookindent=\dimen136
\cftbooknumwidth=\dimen137
\cftbeforepartskip=\skip132
\cftpartindent=\skip133
\cftpartnumwidth=\skip134
\cftbeforechapterskip=\skip135
\cftchapterindent=\skip136
\cftchapternumwidth=\skip137
\cftbeforesectionskip=\skip138
\cftsectionindent=\skip139
\cftsectionnumwidth=\skip140
\cftbeforesubsectionskip=\skip141
\cftsubsectionindent=\skip142
\cftsubsectionnumwidth=\skip143
\cftbeforesubsubsectionskip=\skip144
\cftsubsubsectionindent=\skip145
\cftsubsubsectionnumwidth=\skip146
\cftbeforeparagraphskip=\skip147
\cftparagraphindent=\skip148
\cftparagraphnumwidth=\skip149
\cftbeforesubparagraphskip=\skip150
\cftsubparagraphindent=\skip151
\cftsubparagraphnumwidth=\skip152
\prechapterprecisshift=\dimen138
\c@maxsecnumdepth=\count111
\bibindent=\dimen139
\bibitemsep=\skip153
\indexcolsep=\skip154
\indexrule=\skip155
\indexmarkstyle=\toks18
\@indexbox=\insert233
\glossarycolsep=\dimen140
\glossaryrule=\dimen141
\sideparvshift=\skip156
\sideins=\insert232
\sidebartopsep=\skip157
\sidebarhsep=\skip158
\sidebarvsep=\skip159
\sidebarwidth=\skip160
\footmarkwidth=\skip161
\footmarksep=\skip162
\footparindent=\skip163
\footinsdim=\skip164
\footinsv@r=\insert231
\@mpfootinsv@r=\insert230
\m@m@k=\count112
\m@m@h=\dimen142
\m@mipn@skip=\skip165
\sidefootins=\insert229
\sidefootadjust=\skip166
\sidefootheight=\skip167
\sidefoothsep=\skip168
\sidefootvsep=\skip169
\sidefootwidth=\skip170
\m@mdownsf=\skip171
\c@sidefootnote=\count113
\sidefootmarkwidth=\skip172
\sidefootmarksep=\skip173
\sidefootparindent=\skip174
\c@pagenote=\count114
\c@pagenoteshadow=\count115
\mem@pn@lastkern=\skip175
\every@verbatim=\toks19
\afterevery@verbatim=\toks20
\verbatim@line=\toks21
\tab@position=\count116
\verbatim@in@stream=\read1
\verbatimindent=\skip176
\verbatim@out=\write3
\bvboxsep=\skip177
\c@memfbvline=\count117
\c@bvlinectr=\count118
\bvnumlength=\skip178
\fb@frw=\dimen143
\fb@frh=\dimen144
\FrameRule=\dimen145
\FrameSep=\dimen146
\c@cp@cntr=\count119
LaTeX Info: Redefining \: on input line 11807.
LaTeX Info: Redefining \! on input line 11809.
\c@ism@mctr=\count120
\c@xsm@mctr=\count121
\c@csm@mctr=\count122
\c@ksm@mctr=\count123
\c@xksm@mctr=\count124
\c@cksm@mctr=\count125
\c@msm@mctr=\count126
\c@xmsm@mctr=\count127
\c@cmsm@mctr=\count128
\c@bsm@mctr=\count129
\c@workm@mctr=\count130
\c@sheetsequence=\count131
\c@lastsheet=\count132
\c@lastpage=\count133
\c@figure=\count134
\c@lofdepth=\count135
\cftbeforefigureskip=\skip179
\cftfigureindent=\skip180
\cftfigurenumwidth=\skip181
\c@table=\count136
\c@lotdepth=\count137
\cftbeforetableskip=\skip182
\cfttableindent=\skip183
\cfttablenumwidth=\skip184
Package abstract [2008/07/23] emulated by memoir.
Package appendix [2008/07/23] emulated by memoir.
Package array [2008/07/23] emulated by memoir.
Package booktabs [2008/07/23] emulated by memoir.
Package ccaption [2008/07/23] emulated by memoir.
Package changepage [2008/07/23] emulated by memoir.
Package chngcntr [2008/07/23] emulated by memoir.
Package chngpage [2008/07/23] emulated by memoir.
Package crop emulated by memoir.
Package dcolumn [2008/07/23] emulated by memoir.
Package delarray [2008/07/23] emulated by memoir.
Package enumerate [2008/07/23] emulated by memoir.
Package epigraph [2008/07/23] emulated by memoir.
Package ifmtarg [2008/07/23] emulated by memoir.
Package index [2008/07/23] emulated by memoir.
Package makeidx [2008/07/23] emulated by memoir.
Package moreverb [2008/07/23] emulated by memoir.
Package mparhack [2008/07/23] emulated by memoir.
Package needspace [2008/07/23] emulated by memoir.
Package newfile [2008/07/23] emulated by memoir.
Package nextpage [2008/07/23] emulated by memoir.
Package pagenote [2008/07/23] emulated by memoir.
Package parskip [2008/07/23] emulated by memoir.
Package patchcmd [2008/07/23] emulated by memoir.
Package setspace [2008/07/23] emulated by memoir.
Package shortvrb [2008/07/23] emulated by memoir.
Package showidx [2008/07/23] emulated by memoir.
Package tabularx [2008/07/23] emulated by memoir.
Package titleref [2008/07/23] emulated by memoir.
Package titling [2008/07/23] emulated by memoir.
Package tocbibind [2008/07/23] emulated by memoir.
Package tocloft [2008/07/23] emulated by memoir.
Package tocvsec2 [2008/07/23] emulated by memoir.
Package verbatim [2008/07/23] emulated by memoir.
Package verse [2008/07/23] emulated by memoir.

(/storage/emulated/0/Android/data/com.litchie.texwriter/texmf-local/TeXinput/me
mpatch.sty
Package: mempatch 2009/07/24 v6.0f Patches for memoir class v1.6180339
))
(/storage/emulated/0/Android/data/com.litchie.texwriter/texmf-dist/TeXinput/inp
utenc.sty
Package: inputenc 2008/03/30 v1.1d Input encoding file
\inpenc@prehook=\toks22
\inpenc@posthook=\toks23

(/storage/emulated/0/Android/data/com.litchie.texwriter/texmf-local/TeXinput/ut
f8x.def
File: utf8x.def 2004/10/17 UCS: Input encoding UTF-8
))
(/storage/emulated/0/Android/data/com.litchie.texwriter/texmf-local/TeXinput/uc
s.sty
Package: ucs 2004/10/17 UCS: Unicode input support

(/storage/emulated/0/Android/data/com.litchie.texwriter/texmf-local/TeXinput/un
i-global.def
File: uni-global.def 2012/04/20 UCS: Unicode global data
)
\uc@secondtry=\count138
\uc@combtoks=\toks24
\uc@combtoksb=\toks25
\uc@temptokena=\toks26
)
(/storage/emulated/0/Android/data/com.litchie.texwriter/texmf-dist/TeXinput/fon
tenc.sty
Package: fontenc 2005/09/27 v1.99g Standard LaTeX package

(/storage/emulated/0/Android/data/com.litchie.texwriter/texmf-dist/TeXinput/t1e
nc.def
File: t1enc.def 2005/09/27 v1.99g Standard LaTeX file
LaTeX Font Info:    Redeclaring font encoding T1 on input line 43.
))
(/storage/emulated/0/Android/data/com.litchie.texwriter/texmf-local/TeXinput/mi
crotype.sty
Package: microtype 2010/01/10 v2.4 Micro-typography with pdfTeX (RS)

(/storage/emulated/0/Android/data/com.litchie.texwriter/texmf-dist/TeXinput/key
val.sty
Package: keyval 1999/03/16 v1.13 key=value parser (DPC)
\KV@toks@=\toks27
)
\MT@toks=\toks28
\MT@count=\count139
LaTeX Info: Redefining \lsstyle on input line 1597.
LaTeX Info: Redefining \lslig on input line 1597.
\MT@outer@space=\skip185
LaTeX Info: Redefining \textls on input line 1605.
\MT@outer@kern=\dimen147
LaTeX Info: Redefining \textmicrotypecontext on input line 2156.
Package microtype Info: Loading configuration file microtype.cfg.

(/storage/emulated/0/Android/data/com.litchie.texwriter/texmf-local/TeXinput/mi
crotype.cfg
File: microtype.cfg 2010/01/10 v2.4 microtype main configuration file (RS)
))
(/storage/emulated/0/Android/data/com.litchie.texwriter/texmf-local/TeXinput/le
ttrine.sty
File: lettrine.sty 2007/08/08 v1.62 (Daniel Flipo)
\c@DefaultLines=\count140
\DefaultFindent=\dimen148
\DefaultNindent=\dimen149
\DefaultSlope=\dimen150
\L@lbox=\box29
\L@tbox=\box30
\c@L@lines=\count141
\L@Pindent=\dimen151
\L@Findent=\dimen152
\L@Nindent=\dimen153
\L@lraise=\dimen154
\L@first=\dimen155
\L@next=\dimen156
\L@slope=\dimen157
\L@height=\dimen158
\LettrineWidth=\dimen159

Loading lettrine.cfg

(/storage/emulated/0/Android/data/com.litchie.texwriter/texmf-local/TeXinput/le
ttrine.cfg))
(/storage/emulated/0/Android/data/com.litchie.texwriter/texmf-local/TeXinput/An
onymousPro.sty
Package: AnonymousPro 2014/03/22 v2.1 Support for AnonymousPro Fonts (AE)

(/storage/emulated/0/Android/data/com.litchie.texwriter/texmf-dist/TeXinput/kvo
ptions.sty
Package: kvoptions 2011/06/30 v3.11 Key value format for package options (HO)

(/storage/emulated/0/Android/data/com.litchie.texwriter/texmf-dist/TeXinput/ltx
cmds.sty
Package: ltxcmds 2011/11/09 v1.22 LaTeX kernel commands for general use (HO)
)
(/storage/emulated/0/Android/data/com.litchie.texwriter/texmf-dist/TeXinput/kvs
etkeys.sty
Package: kvsetkeys 2012/04/25 v1.16 Key value parser (HO)

(/storage/emulated/0/Android/data/com.litchie.texwriter/texmf-dist/TeXinput/inf
warerr.sty
Package: infwarerr 2010/04/08 v1.3 Providing info/warning/error messages (HO)
)
(/storage/emulated/0/Android/data/com.litchie.texwriter/texmf-dist/TeXinput/ete
xcmds.sty
Package: etexcmds 2011/02/16 v1.5 Avoid name clashes with e-TeX commands (HO)
Package etexcmds Info: Could not find \expanded.
(etexcmds)             That can mean that you are not using pdfTeX 1.50 or
(etexcmds)             that some package has redefined \expanded.
(etexcmds)             In the latter case, load this package earlier.
))))
(/storage/emulated/0/Android/data/com.litchie.texwriter/texmf-local/TeXinput/ti
tlesec.sty
Package: titlesec 2011/12/15 v2.10.0 Sectioning titles
\ttl@box=\box31
\beforetitleunit=\skip186
\aftertitleunit=\skip187
\ttl@plus=\dimen160
\ttl@minus=\dimen161
\ttl@toksa=\toks29
\titlewidth=\dimen162
\titlewidthlast=\dimen163
\titlewidthfirst=\dimen164
)
(/storage/emulated/0/Android/data/com.litchie.texwriter/texmf-local/TeXinput/li
psum.sty
Package: lipsum 2011/04/14 v1.2 150 paragraphs of Lorem Ipsum dummy text
\c@lips@count=\count142
)
(/storage/emulated/0/Android/data/com.litchie.texwriter/texmf-local/TeXinput/wr
apfig.sty
\wrapoverhang=\dimen165
\WF@size=\dimen166
\c@WF@wrappedlines=\count143
\WF@box=\box32
\WF@everypar=\toks30
Package: wrapfig 2003/01/31  v 3.6
)
(/storage/emulated/0/Android/data/com.litchie.texwriter/texmf-dist/TeXinput/gra
phicx.sty
Package: graphicx 1999/02/16 v1.0f Enhanced LaTeX Graphics (DPC,SPQR)

(/storage/emulated/0/Android/data/com.litchie.texwriter/texmf-dist/TeXinput/gra
phics.sty
Package: graphics 2009/02/05 v1.0o Standard LaTeX Graphics (DPC,SPQR)

(/storage/emulated/0/Android/data/com.litchie.texwriter/texmf-dist/TeXinput/tri
g.sty
Package: trig 1999/03/16 v1.09 sin cos tan (DPC)
)
(/storage/emulated/0/Android/data/com.litchie.texwriter/texmf-dist/TeXinput/gra
phics.cfg
File: graphics.cfg 2010/04/23 v1.9 graphics configuration of TeX Live
)
Package graphics Info: Driver file: pdftex.def on input line 91.

(/storage/emulated/0/Android/data/com.litchie.texwriter/texmf-dist/TeXinput/pdf
tex.def
File: pdftex.def 2011/05/27 v0.06d Graphics/color for pdfTeX
\Gread@gobject=\count144
))
\Gin@req@height=\dimen167
\Gin@req@width=\dimen168
)
(/storage/emulated/0/Android/data/com.litchie.texwriter/texmf-local/TeXinput/ca
lc.sty
Package: calc 2007/08/22 v4.3 Infix arithmetic (KKT,FJ)
\calc@Acount=\count145
\calc@Bcount=\count146
\calc@Adimen=\dimen169
\calc@Bdimen=\dimen170
\calc@Askip=\skip188
\calc@Bskip=\skip189
LaTeX Info: Redefining \setlength on input line 76.
LaTeX Info: Redefining \addtolength on input line 77.
\calc@Ccount=\count147
\calc@Cskip=\skip190
)
(/storage/emulated/0/Android/data/com.litchie.texwriter/texmf-dist/TeXinput/hol
ogo.sty
Package: hologo 2012/04/26 v1.10 A logo collection with bookmark support (HO)

(/storage/emulated/0/Android/data/com.litchie.texwriter/texmf-dist/TeXinput/kvd
efinekeys.sty
Package: kvdefinekeys 2011/04/07 v1.3 Define keys (HO)
)
(/storage/emulated/0/Android/data/com.litchie.texwriter/texmf-dist/TeXinput/pdf
texcmds.sty
Package: pdftexcmds 2011/11/29 v0.20 Utility functions of pdfTeX for LuaTeX (HO
)
Package pdftexcmds Info: LuaTeX not detected.
Package pdftexcmds Info: \pdf@primitive is available.
Package pdftexcmds Info: \pdf@ifprimitive is available.
Package pdftexcmds Info: \pdfdraftmode found.
)
(/storage/emulated/0/Android/data/com.litchie.texwriter/texmf-dist/TeXinput/ifv
tex.sty
Package: ifvtex 2010/03/01 v1.5 Detect VTeX and its facilities (HO)
Package ifvtex Info: VTeX not detected.
))
(/storage/emulated/0/Android/data/com.litchie.texwriter/texmf-dist/TeXinput/hyp
erref.sty
Package: hyperref 2012/05/13 v6.82q Hypertext links for LaTeX

(/storage/emulated/0/Android/data/com.litchie.texwriter/texmf-dist/TeXinput/hob
sub-hyperref.sty
Package: hobsub-hyperref 2012/05/28 v1.13 Bundle oberdiek, subset hyperref (HO)


(/storage/emulated/0/Android/data/com.litchie.texwriter/texmf-dist/TeXinput/hob
sub-generic.sty
Package: hobsub-generic 2012/05/28 v1.13 Bundle oberdiek, subset generic (HO)
Package: hobsub 2012/05/28 v1.13 Construct package bundles (HO)
Package hobsub Info: Skipping package `infwarerr' (already loaded).
Package hobsub Info: Skipping package `ltxcmds' (already loaded).
Package hobsub Info: Skipping package `ifluatex' (already loaded).
Package hobsub Info: Skipping package `ifvtex' (already loaded).
Package: intcalc 2007/09/27 v1.1 Expandable calculations with integers (HO)
Package hobsub Info: Skipping package `ifpdf' (already loaded).
Package hobsub Info: Skipping package `etexcmds' (already loaded).
Package hobsub Info: Skipping package `kvsetkeys' (already loaded).
Package hobsub Info: Skipping package `kvdefinekeys' (already loaded).
Package hobsub Info: Skipping package `pdftexcmds' (already loaded).
Package: pdfescape 2011/11/25 v1.13 Implements pdfTeX's escape features (HO)
Package: bigintcalc 2012/04/08 v1.3 Expandable calculations on big integers (HO
)
Package: bitset 2011/01/30 v1.1 Handle bit-vector datatype (HO)
Package: uniquecounter 2011/01/30 v1.2 Provide unlimited unique counter (HO)
)
Package hobsub Info: Skipping package `hobsub' (already loaded).
Package: letltxmacro 2010/09/02 v1.4 Let assignment for LaTeX macros (HO)
Package: hopatch 2012/05/28 v1.2 Wrapper for package hooks (HO)
Package: xcolor-patch 2011/01/30 xcolor patch
Package: atveryend 2011/06/30 v1.8 Hooks at the very end of document (HO)
Package atveryend Info: \enddocument detected (standard20110627).
Package: atbegshi 2011/10/05 v1.16 At begin shipout hook (HO)
Package: refcount 2011/10/16 v3.4 Data extraction from label references (HO)
Package: hycolor 2011/01/30 v1.7 Color options for hyperref/bookmark (HO)
)
\@linkdim=\dimen171
\Hy@linkcounter=\count148
\Hy@pagecounter=\count149

(/storage/emulated/0/Android/data/com.litchie.texwriter/texmf-dist/TeXinput/pd1
enc.def
File: pd1enc.def 2012/05/13 v6.82q Hyperref: PDFDocEncoding definition (HO)
)
\Hy@SavedSpaceFactor=\count150

(/storage/emulated/0/Android/data/com.litchie.texwriter/texmf-dist/TeXinput/hyp
erref.cfg
File: hyperref.cfg 2002/06/06 v1.2 hyperref configuration of TeXLive
)
Package hyperref Info: Hyper figures OFF on input line 4062.
Package hyperref Info: Link nesting OFF on input line 4067.
Package hyperref Info: Hyper index ON on input line 4070.
Package hyperref Info: Plain pages OFF on input line 4077.
Package hyperref Info: Backreferencing OFF on input line 4082.
Package hyperref Info: Implicit mode ON; LaTeX internals redefined.
Package hyperref Info: Bookmarks ON on input line 4300.
\c@Hy@tempcnt=\count151

(/storage/emulated/0/Android/data/com.litchie.texwriter/texmf-dist/TeXinput/url
.sty
\Urlmuskip=\muskip10
Package: url 2006/04/12  ver 3.3  Verb mode for urls, etc.
)
LaTeX Info: Redefining \url on input line 4653.
\Fld@menulength=\count152
\Field@Width=\dimen172
\Fld@charsize=\dimen173
Package hyperref Info: Hyper figures OFF on input line 5773.
Package hyperref Info: Link nesting OFF on input line 5778.
Package hyperref Info: Hyper index ON on input line 5781.
Package hyperref Info: backreferencing OFF on input line 5788.
Package hyperref Info: Link coloring OFF on input line 5793.
Package hyperref Info: Link coloring with OCG OFF on input line 5798.
Package hyperref Info: PDF/A mode OFF on input line 5803.
LaTeX Info: Redefining \ref on input line 5843.
LaTeX Info: Redefining \pageref on input line 5847.
\Hy@abspage=\count153
\c@Item=\count154
\c@Hfootnote=\count155
)
(/storage/emulated/0/Android/data/com.litchie.texwriter/texmf-local/TeXinput/me
mhfixc.sty
Package: memhfixc 2010/08/17 v1.15 nameref/hyperref package fixes for memoir cl
ass
\c@memhycontfloat=\count156
)

Package hyperref Message: Driver (autodetected): hpdftex.


(/storage/emulated/0/Android/data/com.litchie.texwriter/texmf-dist/TeXinput/hpd
ftex.def
File: hpdftex.def 2012/05/13 v6.82q Hyperref driver for pdfTeX
\Fld@listcount=\count157
\c@bookmark@seq@number=\count158

(/storage/emulated/0/Android/data/com.litchie.texwriter/texmf-dist/TeXinput/rer
unfilecheck.sty
Package: rerunfilecheck 2011/04/15 v1.7 Rerun checks for auxiliary files (HO)

(/storage/emulated/0/Android/data/com.litchie.texwriter/texmf-dist/TeXinput/rer
unfilecheck.cfg)
Package uniquecounter Info: New unique counter `rerunfilecheck' on input line 2
82.
)
\Hy@SectionHShift=\skip191
)
(/storage/emulated/0/Android/data/com.litchie.texwriter/texmf-local/TeXinput/wa
llpaper.sty
Package: wallpaper 2005/01/18, v1.01 easy wallpaper formatting (MHFW)

(/storage/emulated/0/Android/data/com.litchie.texwriter/texmf-dist/TeXinput/ift
hen.sty
Package: ifthen 2001/05/26 v1.1c Standard LaTeX ifthen package (DPC)
)
(/storage/emulated/0/Android/data/com.litchie.texwriter/texmf-local/TeXinput/es
o-pic.sty
Package: eso-pic 2010/10/06 v2.0c eso-pic (RN)

(/storage/emulated/0/Android/data/com.litchie.texwriter/texmf-local/TeXinput/xc
olor.sty
Package: xcolor 2007/01/21 v2.11 LaTeX color extensions (UK)

(/storage/emulated/0/Android/data/com.litchie.texwriter/texmf-dist/TeXinput/col
or.cfg
File: color.cfg 2007/01/18 v1.5 color configuration of teTeX/TeXLive
)
Package xcolor Info: Driver file: pdftex.def on input line 225.
Package xcolor Info: Model `cmy' substituted by `cmy0' on input line 1337.
Package xcolor Info: Model `hsb' substituted by `rgb' on input line 1341.
Package xcolor Info: Model `RGB' extended on input line 1353.
Package xcolor Info: Model `HTML' substituted by `rgb' on input line 1355.
Package xcolor Info: Model `Hsb' substituted by `hsb' on input line 1356.
Package xcolor Info: Model `tHsb' substituted by `hsb' on input line 1357.
Package xcolor Info: Model `HSB' substituted by `hsb' on input line 1358.
Package xcolor Info: Model `Gray' substituted by `gray' on input line 1359.
Package xcolor Info: Model `wave' substituted by `hsb' on input line 1360.
))
\wpXoffset=\skip192
\wpYoffset=\skip193
\tileXoffset=\skip194
\tileYoffset=\skip195
\tilewidth=\skip196
\tileheight=\skip197
\tileX=\skip198
\tileY=\skip199
)
\drop=\skip200


******************************************************
Stock height and width: 614.295pt by 410.13246pt
Top and edge trims: 0pt and 0pt
Page height and width: 614.295pt by 397.48499pt
Text height and width: 461.5pt by 252pt
Spine and edge margins: 56.80388pt and 88.31393pt
Upper and lower margins: 52.17894pt and 100.61606pt
Headheight and headsep: 14.5pt and 11.56346pt
Footskip: 30pt
Columnsep and columnseprule: 10pt and 0pt
Marginparsep and marginparwidth: 7pt and 102pt
Sidecapsep and sidecapwidth: 7pt and 102pt
Sidebarhsep and sidebarwidth: 7pt and 102pt
Sidebarvsep and sidebartopsep: 14.5pt and 0pt
Sidebarheight: 546.64995pt
Sidefoothsep and sidefootwidth: 7pt and 102pt
Sidefootvsep and sidefootheight: 14.5pt and 546.64995pt
******************************************************

(Megans-Main-TeXwriter.aux)
\openout1 = `Megans-Main-TeXwriter.aux'.

LaTeX Font Info:    Checking defaults for OML/cmm/m/it on input line 151.
LaTeX Font Info:    ... okay on input line 151.
LaTeX Font Info:    Checking defaults for T1/cmr/m/n on input line 151.
LaTeX Font Info:    ... okay on input line 151.
LaTeX Font Info:    Checking defaults for OT1/cmr/m/n on input line 151.
LaTeX Font Info:    ... okay on input line 151.
LaTeX Font Info:    Checking defaults for OMS/cmsy/m/n on input line 151.
LaTeX Font Info:    ... okay on input line 151.
LaTeX Font Info:    Checking defaults for OMX/cmex/m/n on input line 151.
LaTeX Font Info:    ... okay on input line 151.
LaTeX Font Info:    Checking defaults for U/cmr/m/n on input line 151.
LaTeX Font Info:    ... okay on input line 151.
LaTeX Font Info:    Checking defaults for PD1/pdf/m/n on input line 151.
LaTeX Font Info:    ... okay on input line 151.

(/storage/emulated/0/Android/data/com.litchie.texwriter/texmf-local/TeXinput/uc
sencs.def
File: ucsencs.def 2011/01/21 Fixes to fontencodings LGR, T3
)
LaTeX Info: Redefining \microtypecontext on input line 151.
Package microtype Info: Generating PDF output.
Package microtype Info: Character protrusion enabled (level 2).
Package microtype Info: Using default protrusion set `alltext'.
Package microtype Info: Automatic font expansion enabled (level 2),
(microtype)             stretch: 20, shrink: 20, step: 1, non-selected.
Package microtype Info: Using default expansion set `basictext'.
Package microtype Info: No tracking.
Package microtype Info: No adjustment of interword spacing.
Package microtype Info: No adjustment of character kerning.

(/storage/emulated/0/Android/data/com.litchie.texwriter/texmf-local/TeXinput/mt
-cmr.cfg
File: mt-cmr.cfg 2009/11/09 v2.0 microtype config. file: Computer Modern Roman 
(RS)
)
\AtBeginShipoutBox=\box33
Package hyperref Info: Link coloring OFF on input line 151.

(/storage/emulated/0/Android/data/com.litchie.texwriter/texmf-dist/TeXinput/nam
eref.sty
Package: nameref 2010/04/30 v2.40 Cross-referencing by name of section

(/storage/emulated/0/Android/data/com.litchie.texwriter/texmf-dist/TeXinput/get
titlestring.sty
Package: gettitlestring 2010/12/03 v1.4 Cleanup title references (HO)
)
\c@section@level=\count159
)
Redoing nameref's sectioning
Redoing nameref's label
LaTeX Info: Redefining \nameref on input line 151.
LaTeX Info: Redefining \ref on input line 151.
LaTeX Info: Redefining \pageref on input line 151.
LaTeX Info: Redefining \nameref on input line 151.
(Megans-Main-TeXwriter.out) (Megans-Main-TeXwriter.out)
\@outlinefile=\write4
\openout4 = `Megans-Main-TeXwriter.out'.

Package microtype Info: Character `029' is missing
(microtype)             in font `T1/lmr/m/sc/17.28'.
(microtype)             Ignoring protrusion settings for this character.
 [1

{/storage/emulated/0/Android/data/com.litchie.texwriter/texmf-dist/TeXinput/pdf
tex.map}] [2

]
Package microtype Info: Character `029' is missing
(microtype)             in font `T1/lmr/m/sc/36'.
(microtype)             Ignoring protrusion settings for this character.

[3]
LaTeX Font Info:    Try loading font information for OMS+lmr on input line 163.


(/storage/emulated/0/Android/data/com.litchie.texwriter/texmf-local/TeXinput/om
slmr.fd
File: omslmr.fd 2009/10/30 v1.6 Font defs for Latin Modern
)
LaTeX Font Info:    Try loading font information for OMS+lmsy on input line 163
.

(/storage/emulated/0/Android/data/com.litchie.texwriter/texmf-local/TeXinput/om
slmsy.fd
File: omslmsy.fd 2009/10/30 v1.6 Font defs for Latin Modern
)
LaTeX Font Info:    Font shape `OMS/lmr/m/n' in size <10.95> not available
(Font)              Font shape `OMS/lmsy/m/n' tried instead on input line 163.
 <license.png, id=34, 88.33pt x 31.11626pt>
File: license.png Graphic file (type png)
 <use license.png>
Package pdftex.def Info: license.png used on input line 167.
(pdftex.def)             Requested size: 63.0pt x 22.19333pt.

(/storage/emulated/0/Android/data/com.litchie.texwriter/texmf-local/TeXinput/un
i-32.def
File: uni-32.def 2012/04/20 UCS: Unicode data U+2000..U+20FF
) [4

 <license.png>] [5]
Package microtype Info: Character `029' is missing
(microtype)             in font `T1/lmr/m/sc/30'.
(microtype)             Ignoring protrusion settings for this character.
 (Megans-Main-TeXwriter.toc
LaTeX Font Info:    Try loading font information for OT1+lmr on input line 1.

(/storage/emulated/0/Android/data/com.litchie.texwriter/texmf-local/TeXinput/ot
1lmr.fd
File: ot1lmr.fd 2009/10/30 v1.6 Font defs for Latin Modern
)
LaTeX Font Info:    Try loading font information for OML+lmm on input line 1.

(/storage/emulated/0/Android/data/com.litchie.texwriter/texmf-local/TeXinput/om
llmm.fd
File: omllmm.fd 2009/10/30 v1.6 Font defs for Latin Modern
)
LaTeX Font Info:    Try loading font information for OMX+lmex on input line 1.

(/storage/emulated/0/Android/data/com.litchie.texwriter/texmf-local/TeXinput/om
xlmex.fd
File: omxlmex.fd 2009/10/30 v1.6 Font defs for Latin Modern
)
LaTeX Font Info:    External font `lmex10' loaded for size
(Font)              <12> on input line 1.
LaTeX Font Info:    External font `lmex10' loaded for size
(Font)              <8> on input line 1.
LaTeX Font Info:    External font `lmex10' loaded for size
(Font)              <6> on input line 1.
) [6


]
Package microtype Info: Character `029' is missing
(microtype)             in font `T1/lmr/m/sc/12'.
(microtype)             Ignoring protrusion settings for this character.
Package microtype Info: Character `029' is missing
(microtype)             in font `T1/lmr/m/sc/24.88'.
(microtype)             Ignoring protrusion settings for this character.
 (Rangers-ch1.tex
Underfull \vbox (badness 10000) has occurred while \output is active []

pdfTeX warning (ext4): destination with the same identifier (name{page.1}) has 
been already used, duplicate ignored
<to be read again> 
                   \relax 
l.6 
     [1


])pdfTeX warning (ext4): destination with the same identifier (name{page.2}) ha
s been already used, duplicate ignored
<to be read again> 
                   \relax 
l.184 \chapter
              {Battle in the sky} [2] (Rangers-ch2.tex
Underfull \vbox (badness 10000) has occurred while \output is active []

pdfTeX warning (ext4): destination with the same identifier (name{page.3}) has 
been already used, duplicate ignored
<to be read again> 
                   \relax 
l.12 
      [3

]
Underfull \vbox (badness 10000) has occurred while \output is active []

pdfTeX warning (ext4): destination with the same identifier (name{page.4}) has 
been already used, duplicate ignored
<to be read again> 
                   \relax 
l.21 `
      `He really is the best pilot ever!'' said another. [4])pdfTeX warning (ex
t4): destination with the same identifier (name{page.5}) has been already used,
 duplicate ignored
<to be read again> 
                   \relax 
l.186 \chapter
              {Last chance for headquarters} [5]pdfTeX warning (ext4): destinat
ion with the same identifier (name{page.6}) has been already used, duplicate ig
nored
<to be read again> 
                   \relax 
l.186 \chapter
              {Last chance for headquarters} [6

] (Rangers-ch3.tex) [7] [8

]
(license.tex
Overfull \hbox (71.44176pt too wide) in paragraph at lines 1--2
\T1/lmr/m/n/12 (-20) The me-dia source is avail-able at \T1/lmr/m/it/12 (-20) h
ttps://eteepell.github.io/Susans-
 []


Underfull \hbox (badness 10000) in paragraph at lines 1--2

 []


Underfull \vbox (badness 10000) has occurred while \output is active []

 [9]
Overfull \hbox (2.15065pt too wide) in paragraph at lines 9--22
[]\T1/lmr/m/n/12 (-20) Adapted Ma-te-rial means ma-te-rial sub-ject to Copy-
 []


Underfull \vbox (badness 10000) has occurred while \output is active []

 [10]
Underfull \vbox (badness 10000) has occurred while \output is active []

 [11]
Overfull \hbox (21.72662pt too wide) in paragraph at lines 25--37
\T1/lmr/m/n/12 (-20) grants You a world-wide, royalty-free, non-sublicensable,
 []


Underfull \vbox (badness 10000) has occurred while \output is active []

 [12]
Underfull \vbox (badness 10000) has occurred while \output is active []

 [13]
Underfull \vbox (badness 10000) has occurred while \output is active []

 [14]
Underfull \vbox (badness 10000) has occurred while \output is active []

 [15]
Underfull \vbox (badness 10000) has occurred while \output is active []

 [16]
Underfull \vbox (badness 10000) has occurred while \output is active []

 [17]
Underfull \vbox (badness 10000) has occurred while \output is active []

 [18]
Underfull \vbox (badness 10000) has occurred while \output is active []

 [19])
[20]
\tf@toc=\write5
\openout5 = `Megans-Main-TeXwriter.toc'.

Package atveryend Info: Empty hook `BeforeClearDocument' on input line 197.
Package atveryend Info: Empty hook `AfterLastShipout' on input line 197.
 (Megans-Main-TeXwriter.aux)
Package atveryend Info: Executing hook `AtVeryEndDocument' on input line 197.
Package atveryend Info: Executing hook `AtEndAfterFileList' on input line 197.
Package rerunfilecheck Info: File `Megans-Main-TeXwriter.out' has not changed.
(rerunfilecheck)             Checksum: 73833196D41A7A78CE6607A49DD938A7;218.
Package atveryend Info: Empty hook `AtVeryVeryEnd' on input line 197.
 ) 
Here is how much of TeX's memory you used:
 11944 strings out of 43499
 179730 string characters out of 893906
 428378 words of memory out of 1000000
 14979 multiletter control sequences out of 15000+40000
 72109 words of font info for 92 fonts, out of 300000 for 1000
 957 hyphenation exceptions out of 9000
 40i,11n,44p,1169b,328s stack positions out of 300i,50n,200p,100000b,4000s
{/storage/emulated/0/Android/data/com.litchie.texwriter/texmf-local/TeXinput/
lm-ec.enc}{/storage/emulated/0/Android/data/com.litchie.texwriter/texmf-local/T
eXinput/lm-mathsy.enc}</storage/emulated/0/Android/data/com.litchie.texwriter/t
exmf-local/TeXinput/lmcsc10.pfb></storage/emulated/0/Android/data/com.litchie.t
exwriter/texmf-local/TeXinput/lmr10.pfb></storage/emulated/0/Android/data/com.l
itchie.texwriter/texmf-local/TeXinput/lmr12.pfb></storage/emulated/0/Android/da
ta/com.litchie.texwriter/texmf-local/TeXinput/lmr17.pfb></storage/emulated/0/An
droid/data/com.litchie.texwriter/texmf-local/TeXinput/lmr8.pfb></storage/emulat
ed/0/Android/data/com.litchie.texwriter/texmf-local/TeXinput/lmri12.pfb></stora
ge/emulated/0/Android/data/com.litchie.texwriter/texmf-local/TeXinput/lmsy10.pf
b>
Output written on Megans-Main-TeXwriter.pdf (26 pages, 201409 bytes).
PDF statistics:
 169 PDF objects out of 1000 (max. 8388607)
 25 named destinations out of 1000 (max. 500000)
 17446 words of extra memory for PDF output out of 20736 (max. 10000000)

